
> intellego-platform@1.0.0 dev
> next dev

   ▲ Next.js 15.3.4
   - Local:        http://localhost:3000
   - Network:      http://192.168.0.102:3000
   - Environments: .env

 ✓ Starting...
 ✓ Ready in 1513ms
 ✓ Compiled /middleware in 216ms (210 modules)
Middleware executing for: /
 ○ Compiling / ...
 ✓ Compiled / in 1344ms (1045 modules)
 GET / 200 in 1717ms
 ✓ Compiled in 258ms (364 modules)
 ✓ Compiled /api/auth/[...nextauth] in 427ms (1038 modules)
 GET /api/auth/session 200 in 1241ms
 ✓ Compiled /api/schedule/recurring in 347ms (1056 modules)
 GET /api/schedule/recurring 200 in 453ms
 GET /api/weekly-reports 200 in 455ms
Middleware executing for: /dashboard/student
 ✓ Compiled /dashboard/student in 465ms (1152 modules)
 GET /dashboard/student 200 in 623ms
 GET /api/schedule/recurring 200 in 28ms
 GET /api/weekly-reports 200 in 31ms
 ✓ Compiled /api/calendar/tasks in 386ms (1156 modules)
 GET /api/calendar/tasks 200 in 434ms
 GET /api/calendar/events 200 in 436ms
 GET /api/calendar/tasks 200 in 7ms
 GET /api/calendar/events 200 in 10ms
 GET /api/schedule/recurring 200 in 24ms
 GET /api/schedule/recurring 200 in 10ms
 GET /api/auth/session 200 in 59ms
 GET /api/schedule/recurring 200 in 45ms
 GET /api/weekly-reports 200 in 50ms
 GET /api/auth/session 200 in 38ms
 GET /api/schedule/recurring 200 in 13ms
 GET /api/weekly-reports 200 in 15ms
 GET /api/schedule/recurring 200 in 17ms
 GET /api/schedule/recurring 200 in 16ms
 GET /api/auth/session 200 in 44ms
 GET /api/schedule/recurring 200 in 40ms
 GET /api/weekly-reports 200 in 43ms
 ✓ Compiled in 277ms (413 modules)
Middleware executing for: /dashboard/student
 GET /dashboard/student 200 in 56ms
 ✓ Compiled in 135ms (413 modules)
Middleware executing for: /dashboard/student
 GET /dashboard/student 200 in 19ms
 ✓ Compiled in 125ms (413 modules)
Middleware executing for: /dashboard/student
 GET /dashboard/student 200 in 23ms
 ✓ Compiled in 114ms (413 modules)
Middleware executing for: /dashboard/student
 GET /dashboard/student 200 in 21ms
 ✓ Compiled /api/study-planner in 355ms (1157 modules)
 GET /api/study-planner 200 in 449ms
Middleware executing for: /dashboard/student
 GET /dashboard/student 200 in 51ms
 ✓ Compiled /api/auth/[...nextauth] in 202ms (730 modules)
 GET /api/auth/session 200 in 295ms
 ✓ Compiled /api/study-planner in 80ms (746 modules)
 POST /api/study-planner 401 in 138ms
Middleware executing for: /dashboard/student
 ✓ Compiled in 575ms (1369 modules)
 GET /dashboard/student 200 in 338ms
Middleware executing for: /dashboard/student
 GET /dashboard/student 200 in 17ms
 ✓ Compiled /api/test-event-creation in 255ms (1147 modules)
 POST /api/test-event-creation 200 in 2444ms
 ✓ Compiled in 120ms (413 modules)
Middleware executing for: /dashboard/student
 ✓ Compiled in 198ms (1355 modules)
 GET /dashboard/student 200 in 244ms
Middleware executing for: /dashboard/student
 GET /dashboard/student 200 in 14ms
Middleware executing for: /dashboard/student
 GET /dashboard/student 200 in 14ms
 GET /api/auth/session 200 in 23ms
 ✓ Compiled /api/schedule/recurring in 255ms (746 modules)
 ✓ Compiled (748 modules)
 GET /api/schedule/recurring 200 in 533ms
 GET /api/weekly-reports 200 in 537ms
Middleware executing for: /dashboard/student
 GET /dashboard/student 200 in 121ms
 GET /api/schedule/recurring 200 in 13ms
 GET /api/weekly-reports 200 in 16ms
 ✓ Compiled /api/calendar/tasks in 90ms (750 modules)
 ✓ Compiled (752 modules)
 GET /api/calendar/tasks 200 in 250ms
 GET /api/calendar/events 200 in 251ms
 GET /api/calendar/tasks 200 in 4ms
 GET /api/calendar/events 200 in 4ms
 GET /api/auth/session 200 in 46ms
 GET /api/weekly-reports 200 in 24ms
 GET /api/schedule/recurring 200 in 27ms
 ✓ Compiled in 257ms (413 modules)
Middleware executing for: /dashboard/student
 GET /dashboard/student 200 in 70ms
 ✓ Compiled in 620ms (1137 modules)
Middleware executing for: /dashboard/student
 GET /dashboard/student 200 in 176ms
 ✓ Compiled in 304ms (1137 modules)
Middleware executing for: /dashboard/student
 GET /dashboard/student 200 in 104ms
 ✓ Compiled /api/schedule/recurring in 75ms (744 modules)
 ✓ Compiled (746 modules)
 GET /api/schedule/recurring 200 in 245ms
 GET /api/weekly-reports 200 in 248ms
 ✓ Compiled in 509ms (1159 modules)
Middleware executing for: /dashboard/student
 GET /dashboard/student 200 in 60ms
 ✓ Compiled in 723ms (1171 modules)
Middleware executing for: /dashboard/student
 GET /dashboard/student 200 in 95ms
Middleware executing for: /
 ✓ Compiled / in 139ms (757 modules)
 GET / 200 in 265ms
 ✓ Compiled /api/auth/[...nextauth] in 237ms (759 modules)
 GET /api/auth/signin?callbackUrl=%2Fdashboard%2Fstudent 302 in 277ms
Middleware executing for: /auth/signin
 ✓ Compiled /auth/signin in 304ms (1171 modules)
 GET /auth/signin?callbackUrl=http%3A%2F%2Flocalhost%3A3000%2Fdashboard%2Fstudent 200 in 440ms
 ✓ Compiled in 141ms (421 modules)
Middleware executing for: /dashboard/student
 GET /dashboard/student 200 in 29ms
Middleware executing for: /dashboard/student
 ✓ Compiled in 369ms (1381 modules)
 GET /dashboard/student 200 in 373ms
Middleware executing for: /dashboard/student
 GET /dashboard/student 200 in 9ms
 ✓ Compiled /api/test-chat-ui in 124ms (1173 modules)
 GET /api/test-chat-ui 200 in 139ms
Middleware executing for: /dashboard/student
 ✓ Compiled in 526ms (1363 modules)
 GET /dashboard/student 200 in 396ms
Middleware executing for: /dashboard/student
 GET /dashboard/student 200 in 15ms
 GET /api/auth/session 200 in 47ms
 ✓ Compiled /api/schedule/recurring in 271ms (752 modules)
 ✓ Compiled (754 modules)
 GET /api/schedule/recurring 200 in 606ms
 GET /api/weekly-reports 200 in 608ms
Middleware executing for: /dashboard/student
 GET /dashboard/student 200 in 117ms
 GET /api/weekly-reports 200 in 8ms
 GET /api/schedule/recurring 200 in 8ms
 ✓ Compiled /api/calendar/tasks in 109ms (756 modules)
 ✓ Compiled (758 modules)
 GET /api/calendar/tasks 200 in 283ms
 GET /api/calendar/events 200 in 287ms
 GET /api/calendar/tasks 200 in 6ms
 GET /api/calendar/events 200 in 9ms
 GET /api/auth/session 200 in 47ms
 GET /api/weekly-reports 200 in 32ms
 GET /api/schedule/recurring 200 in 28ms
 GET /api/auth/session 200 in 55ms
 GET /api/schedule/recurring 200 in 42ms
 GET /api/weekly-reports 200 in 48ms
 GET /api/auth/session 200 in 40ms
 GET /api/schedule/recurring 200 in 13ms
 GET /api/weekly-reports 200 in 16ms
 GET /api/auth/session 200 in 13ms
 GET /api/weekly-reports 200 in 11ms
 GET /api/schedule/recurring 200 in 13ms
 GET /api/auth/session 200 in 25ms
 GET /api/schedule/recurring 200 in 15ms
 GET /api/weekly-reports 200 in 19ms
 GET /api/auth/session 200 in 27ms
 GET /api/schedule/recurring 200 in 14ms
 GET /api/weekly-reports 200 in 15ms
 GET /api/auth/session 200 in 18ms
 GET /api/schedule/recurring 200 in 11ms
 GET /api/weekly-reports 200 in 15ms
 GET /api/auth/session 200 in 12ms
 GET /api/schedule/recurring 200 in 9ms
 GET /api/weekly-reports 200 in 13ms
 GET /api/auth/session 200 in 33ms
 GET /api/schedule/recurring 200 in 11ms
 GET /api/weekly-reports 200 in 13ms
 GET /api/auth/session 200 in 15ms
 GET /api/schedule/recurring 200 in 11ms
 GET /api/weekly-reports 200 in 15ms
 GET /api/auth/session 200 in 24ms
 GET /api/weekly-reports 200 in 12ms
 GET /api/schedule/recurring 200 in 14ms
 GET /api/auth/session 200 in 34ms
 GET /api/schedule/recurring 200 in 22ms
 GET /api/weekly-reports 200 in 26ms
 ✓ Compiled in 625ms (1175 modules)
Middleware executing for: /dashboard/student
 GET /dashboard/student 200 in 68ms
 ✓ Compiled in 371ms (1175 modules)
Middleware executing for: /dashboard/student
 GET /dashboard/student 200 in 50ms
 ✓ Compiled in 242ms (1175 modules)
Middleware executing for: /dashboard/student
 GET /dashboard/student 200 in 50ms
 ✓ Compiled in 253ms (1175 modules)
Middleware executing for: /dashboard/student
 GET /dashboard/student 200 in 93ms
 ✓ Compiled in 441ms (1175 modules)
Middleware executing for: /dashboard/student
 GET /dashboard/student 200 in 49ms
 ✓ Compiled in 284ms (1151 modules)
Middleware executing for: /dashboard/student
 GET /dashboard/student 200 in 102ms
 ✓ Compiled in 462ms (1139 modules)
Middleware executing for: /dashboard/student
 GET /dashboard/student 200 in 68ms
 ✓ Compiled in 388ms (1151 modules)
Middleware executing for: /dashboard/student
 GET /dashboard/student 200 in 60ms
Middleware executing for: /
 ✓ Compiled / in 145ms (735 modules)
 GET / 200 in 297ms
Middleware executing for: /dashboard/student
 ✓ Compiled in 605ms (1366 modules)
 GET /dashboard/student 200 in 419ms
Middleware executing for: /dashboard/student
 GET /dashboard/student 200 in 9ms
 ✓ Compiled /api/test-sara-tab in 298ms (1160 modules)
 GET /api/test-sara-tab 200 in 368ms
 ✓ Compiled in 194ms (421 modules)
Middleware executing for: /dashboard/student
 ✓ Compiled in 213ms (1352 modules)
 GET /dashboard/student 200 in 254ms
Middleware executing for: /dashboard/student
 GET /dashboard/student 200 in 12ms
Middleware executing for: /dashboard/student
 GET /dashboard/student 200 in 9ms
 ✓ Compiled /api/auth/[...nextauth] in 305ms (736 modules)
 GET /api/auth/session 200 in 441ms
 ✓ Compiled /api/schedule/recurring in 186ms (752 modules)
 ✓ Compiled (754 modules)
 GET /api/schedule/recurring 200 in 437ms
 GET /api/weekly-reports 200 in 443ms
Middleware executing for: /dashboard/student
 GET /dashboard/student 200 in 119ms
 GET /api/weekly-reports 200 in 18ms
 GET /api/schedule/recurring 200 in 12ms
 ✓ Compiled /api/calendar/tasks in 110ms (756 modules)
 ✓ Compiled (758 modules)
 GET /api/calendar/tasks 200 in 267ms
 GET /api/calendar/events 200 in 268ms
 GET /api/calendar/tasks 200 in 4ms
 GET /api/calendar/events 200 in 4ms
 ✓ Compiled /api/study-planner in 181ms (762 modules)
 ✓ Compiled /api/schedule/analysis in 283ms (1171 modules)
 GET /api/schedule/analysis 200 in 342ms
 POST /api/study-planner 200 in 3343ms
 GET /api/calendar/events 200 in 37ms
 GET /api/calendar/tasks 200 in 39ms
 GET /api/calendar/events 200 in 11ms
 GET /api/calendar/tasks 200 in 11ms
 GET /api/calendar/events 200 in 13ms
 GET /api/calendar/tasks 200 in 18ms
 GET /api/calendar/events 200 in 15ms
 GET /api/calendar/tasks 200 in 16ms
 GET /api/schedule/recurring 200 in 32ms
 GET /api/schedule/recurring 200 in 9ms
 GET /api/schedule/recurring 200 in 20ms
 GET /api/schedule/recurring 200 in 14ms
 GET /api/schedule/analysis 200 in 20ms
 POST /api/study-planner 200 in 2895ms
 GET /api/calendar/events 200 in 39ms
 GET /api/calendar/tasks 200 in 37ms
 GET /api/calendar/events 200 in 12ms
 GET /api/calendar/tasks 200 in 14ms
 GET /api/schedule/recurring 200 in 18ms
 GET /api/schedule/recurring 200 in 11ms
 GET /api/calendar/events 200 in 15ms
 GET /api/calendar/tasks 200 in 18ms
 GET /api/calendar/events 200 in 15ms
 GET /api/calendar/tasks 200 in 15ms
 GET /api/calendar/events 200 in 43ms
 GET /api/calendar/tasks 200 in 45ms
 GET /api/calendar/tasks 200 in 10ms
 GET /api/calendar/events 200 in 15ms
 GET /api/auth/session 200 in 53ms
 GET /api/schedule/recurring 200 in 20ms
 GET /api/weekly-reports 200 in 24ms
 GET /api/calendar/events 200 in 12ms
 GET /api/calendar/tasks 200 in 16ms
 GET /api/calendar/events 200 in 10ms
 GET /api/calendar/tasks 200 in 10ms
 GET /api/auth/session 200 in 30ms
 GET /api/schedule/recurring 200 in 16ms
 GET /api/weekly-reports 200 in 19ms
 GET /api/schedule/recurring 200 in 23ms
 GET /api/schedule/recurring 200 in 11ms
 GET /api/auth/session 200 in 30ms
 GET /api/schedule/recurring 200 in 16ms
 GET /api/weekly-reports 200 in 17ms
 GET /api/auth/session 200 in 40ms
 GET /api/schedule/recurring 200 in 18ms
 GET /api/weekly-reports 200 in 22ms
 GET /api/schedule/analysis 200 in 13ms
 POST /api/study-planner 200 in 2790ms
 GET /api/auth/session 200 in 33ms
 GET /api/weekly-reports 200 in 17ms
 GET /api/schedule/recurring 200 in 20ms
 GET /api/auth/session 200 in 42ms
 GET /api/schedule/recurring 200 in 50ms
 GET /api/weekly-reports 200 in 57ms
 GET /api/calendar/events 200 in 29ms
 GET /api/calendar/tasks 200 in 36ms
 GET /api/calendar/events 200 in 14ms
 GET /api/calendar/tasks 200 in 13ms
 GET /api/auth/session 200 in 24ms
 GET /api/schedule/recurring 200 in 37ms
 GET /api/weekly-reports 200 in 42ms
Middleware executing for: /dashboard/student
 ✓ Compiled in 892ms (1347 modules)
 GET /dashboard/student 200 in 512ms
Middleware executing for: /dashboard/student
 GET /dashboard/student 200 in 9ms
 ✓ Compiled in 625ms (1151 modules)
Middleware executing for: /dashboard/student
 GET /dashboard/student 200 in 94ms
 ✓ Compiled in 393ms (1151 modules)
Middleware executing for: /dashboard/student
 GET /dashboard/student 200 in 51ms
 ✓ Compiled in 262ms (1151 modules)
Middleware executing for: /dashboard/student
 GET /dashboard/student 200 in 56ms
 ✓ Compiled /api/study-planner-smart in 278ms (1160 modules)
 GET /api/study-planner-smart 200 in 349ms
 ✓ Compiled /api/auth/[...nextauth] in 232ms (736 modules)
 GET /api/auth/session 200 in 351ms
 ✓ Compiled /api/schedule/recurring in 152ms (752 modules)
 ✓ Compiled (754 modules)
 GET /api/schedule/recurring 200 in 420ms
 GET /api/weekly-reports 200 in 422ms
Middleware executing for: /dashboard/student
 GET /dashboard/student 200 in 88ms
 GET /api/schedule/recurring 200 in 15ms
 GET /api/weekly-reports 200 in 16ms
 ✓ Compiled /api/calendar/tasks in 113ms (756 modules)
 ✓ Compiled (758 modules)
 GET /api/calendar/tasks 200 in 259ms
 GET /api/calendar/events 200 in 260ms
 GET /api/calendar/tasks 200 in 3ms
 GET /api/calendar/events 200 in 7ms
 GET /api/auth/session 200 in 21ms
 GET /api/weekly-reports 200 in 22ms
 GET /api/schedule/recurring 200 in 24ms
 ✓ Compiled /api/study-planner-smart in 201ms (765 modules)
 POST /api/study-planner-smart 200 in 2428ms
 GET /api/calendar/tasks 200 in 40ms
 GET /api/calendar/events 200 in 43ms
 GET /api/calendar/events 200 in 11ms
 GET /api/calendar/tasks 200 in 14ms
 GET /api/calendar/events 200 in 19ms
 GET /api/calendar/tasks 200 in 21ms
 GET /api/calendar/events 200 in 12ms
 GET /api/calendar/tasks 200 in 16ms
 GET /api/schedule/recurring 200 in 22ms
 GET /api/schedule/recurring 200 in 10ms
 GET /api/schedule/recurring 200 in 14ms
 GET /api/schedule/recurring 200 in 11ms
 GET /api/schedule/recurring 200 in 6ms
 GET /api/calendar/events 200 in 6ms
Error creating events: TypeError: Cannot read properties of undefined (reading 'id')
    at POST (src/app/api/study-planner-smart/route.ts:237:39)
  235 |               const studyEvent = await prisma.calendarEvent.create({
  236 |                 data: {
> 237 |                   userId: session.user.id,
      |                                       ^
  238 |                   title: `${session.description}`,
  239 |                   description: `Sesión ${session.sessionNumber} de ${studyPlan.totalSessions} - ${session.description}`,
  240 |                   startDate: sessionStartDate,
 POST /api/study-planner-smart 200 in 2484ms
 POST /api/study-planner-smart 200 in 2297ms
 GET /api/schedule/recurring 200 in 14ms
 GET /api/calendar/events 200 in 7ms
Error creating events: TypeError: Cannot read properties of undefined (reading 'id')
    at POST (src/app/api/study-planner-smart/route.ts:237:39)
  235 |               const studyEvent = await prisma.calendarEvent.create({
  236 |                 data: {
> 237 |                   userId: session.user.id,
      |                                       ^
  238 |                   title: `${session.description}`,
  239 |                   description: `Sesión ${session.sessionNumber} de ${studyPlan.totalSessions} - ${session.description}`,
  240 |                   startDate: sessionStartDate,
 POST /api/study-planner-smart 200 in 2365ms
 GET /api/auth/session 200 in 38ms
 GET /api/schedule/recurring 200 in 12ms
 GET /api/weekly-reports 200 in 15ms
 GET /api/auth/session 200 in 73ms
 GET /api/schedule/recurring 200 in 20ms
 GET /api/weekly-reports 200 in 25ms
 ✓ Compiled in 456ms (1175 modules)
Middleware executing for: /dashboard/student
 GET /dashboard/student 200 in 70ms
 GET /api/auth/session 200 in 59ms
 GET /api/schedule/recurring 200 in 43ms
 GET /api/weekly-reports 200 in 45ms
 GET /api/auth/session 200 in 50ms
 GET /api/schedule/recurring 200 in 60ms
 GET /api/weekly-reports 200 in 67ms
 ✓ Compiled in 270ms (421 modules)
 ✓ Compiled /api/study-planner-smart in 199ms (753 modules)
 POST /api/study-planner-smart 401 in 247ms
 ✓ Compiled in 101ms (753 modules)
 ✓ Compiled in 90ms (753 modules)
 ✓ Compiled in 105ms (753 modules)
 ✓ Compiled in 75ms (753 modules)
 ✓ Compiled in 250ms (1151 modules)
 ✓ Compiled in 139ms (421 modules)
 ✓ Compiled in 101ms (421 modules)
 ✓ Compiled in 122ms (421 modules)
 ✓ Compiled in 189ms (421 modules)
 ✓ Compiled in 175ms (421 modules)
 ✓ Compiled in 105ms (421 modules)
 ✓ Compiled in 93ms (421 modules)
 ✓ Compiled in 162ms (421 modules)
 ✓ Compiled in 183ms (421 modules)
 ✓ Compiled in 135ms (421 modules)
 ✓ Compiled in 123ms (421 modules)
 ✓ Compiled in 94ms (421 modules)
 ✓ Compiled /api/auth/[...nextauth] in 363ms (736 modules)
 GET /api/auth/session 200 in 605ms
 ✓ Compiled /api/schedule/recurring in 233ms (752 modules)
 ✓ Compiled (754 modules)
 GET /api/schedule/recurring 200 in 614ms
 GET /api/weekly-reports 200 in 619ms
 ✓ Compiled /api/study-planner-smart in 320ms (762 modules)
 GET /api/study-planner-smart 200 in 375ms
 ✓ Compiled in 782ms (1183 modules)
 ✓ Compiled in 416ms (1176 modules)
 ✓ Compiled in 290ms (1151 modules)
 ✓ Compiled in 356ms (421 modules)
 ✓ Compiled in 111ms (421 modules)
 ✓ Compiled in 177ms (421 modules)
 ✓ Compiled in 394ms (1347 modules)
 ✓ Compiled in 149ms (421 modules)
 ✓ Compiled in 114ms (421 modules)
 ✓ Compiled in 223ms (421 modules)
 ✓ Compiled /api/study-planner-smart in 91ms (755 modules)
 GET /api/study-planner-smart 200 in 259ms
 ✓ Compiled /api/conversation-history in 152ms (1164 modules)
 GET /api/conversation-history 401 in 203ms
 ✓ Compiled in 191ms (421 modules)
 ✓ Compiled in 249ms (1347 modules)
 ✓ Compiled in 215ms (421 modules)
 ✓ Compiled in 297ms (421 modules)
 ✓ Compiled in 121ms (421 modules)
 ✓ Compiled in 160ms (421 modules)
 ✓ Compiled in 342ms (421 modules)
 ✓ Compiled in 209ms (421 modules)
 ✓ Compiled in 128ms (421 modules)
 ✓ Compiled in 224ms (421 modules)
 ✓ Compiled /api/study-planner-smart in 153ms (755 modules)
 GET /api/study-planner-smart 200 in 251ms
 ✓ Compiled /api/sara-events in 266ms (1164 modules)
 GET /api/sara-events 401 in 330ms
 ✓ Compiled /api/auth/[...nextauth] in 278ms (736 modules)
 GET /api/auth/session 200 in 385ms
 ✓ Compiled /api/schedule/recurring in 163ms (752 modules)
 ✓ Compiled (754 modules)
 GET /api/schedule/recurring 200 in 430ms
 GET /api/weekly-reports 200 in 433ms
Middleware executing for: /dashboard/student
 GET /dashboard/student 200 in 113ms
 GET /api/schedule/recurring 200 in 12ms
 GET /api/weekly-reports 200 in 30ms
 ✓ Compiled /api/calendar/tasks in 130ms (756 modules)
 ✓ Compiled (758 modules)
 GET /api/calendar/tasks 200 in 294ms
 GET /api/calendar/events 200 in 296ms
 GET /api/calendar/tasks 200 in 4ms
 GET /api/calendar/events 200 in 5ms
 GET /api/calendar/events 200 in 26ms
 GET /api/calendar/tasks 200 in 22ms
 GET /api/calendar/events 200 in 14ms
 GET /api/calendar/tasks 200 in 15ms
 ✓ Compiled /api/study-planner-smart in 254ms (767 modules)
 POST /api/study-planner-smart 200 in 2873ms
 POST /api/study-planner-smart 200 in 2671ms
 POST /api/study-planner-smart 200 in 2567ms
 GET /api/auth/session 200 in 77ms
 GET /api/weekly-reports 200 in 30ms
 GET /api/schedule/recurring 200 in 36ms
[?25h
